<?xml version="1.0" encoding="UTF-8"?>
<coverage generated="1668771960699" clover="3.2.0">
  <project timestamp="1668771960699" name="All files">
    <metrics statements="12" coveredstatements="12" conditionals="2" coveredconditionals="1" methods="5" coveredmethods="5" elements="19" coveredelements="18" complexity="0" loc="12" ncloc="12" packages="1" files="3" classes="3"/>
    <file name="average.js" path="D:\Users\sedla\Desktop\5.ZS\ESS\clustergrammer2\clustergrammer\src\utils\average.js">
      <metrics statements="5" coveredstatements="5" conditionals="0" coveredconditionals="0" methods="2" coveredmethods="2"/>
      <line num="2" count="1" type="stmt"/>
      <line num="3" count="4" type="stmt"/>
      <line num="5" count="1" type="stmt"/>
      <line num="6" count="1" type="stmt"/>
      <line num="9" count="1" type="stmt"/>
    </file>
    <file name="averageNMinus1.js" path="D:\Users\sedla\Desktop\5.ZS\ESS\clustergrammer2\clustergrammer\src\utils\averageNMinus1.js">
      <metrics statements="5" coveredstatements="5" conditionals="0" coveredconditionals="0" methods="2" coveredmethods="2"/>
      <line num="2" count="1" type="stmt"/>
      <line num="3" count="4" type="stmt"/>
      <line num="5" count="1" type="stmt"/>
      <line num="6" count="1" type="stmt"/>
      <line num="9" count="1" type="stmt"/>
    </file>
    <file name="customRound.js" path="D:\Users\sedla\Desktop\5.ZS\ESS\clustergrammer2\clustergrammer\src\utils\customRound.js">
      <metrics statements="2" coveredstatements="2" conditionals="2" coveredconditionals="1" methods="1" coveredmethods="1"/>
      <line num="3" count="2" type="cond" truecount="1" falsecount="1"/>
      <line num="6" count="1" type="stmt"/>
    </file>
  </project>
</coverage>
