{"D:\\Users\\sedla\\Desktop\\5.ZS\\ESS\\clustergrammer2\\clustergrammer\\src\\utils\\average.js": {"path":"D:\\Users\\sedla\\Desktop\\5.ZS\\ESS\\clustergrammer2\\clustergrammer\\src\\utils\\average.js","statementMap":{"0":{"start":{"line":2,"column":14},"end":{"line":4,"column":7}},"1":{"start":{"line":3,"column":4},"end":{"line":3,"column":23}},"2":{"start":{"line":5,"column":14},"end":{"line":5,"column":31}},"3":{"start":{"line":6,"column":2},"end":{"line":6,"column":13}},"4":{"start":{"line":9,"column":0},"end":{"line":9,"column":25}}},"fnMap":{"0":{"name":"average","decl":{"start":{"line":1,"column":9},"end":{"line":1,"column":16}},"loc":{"start":{"line":1,"column":23},"end":{"line":7,"column":1}},"line":1},"1":{"name":"(anonymous_1)","decl":{"start":{"line":2,"column":26},"end":{"line":2,"column":27}},"loc":{"start":{"line":2,"column":48},"end":{"line":4,"column":3}},"line":2}},"branchMap":{},"s":{"0":1,"1":4,"2":1,"3":1,"4":1},"f":{"0":1,"1":4},"b":{},"_coverageSchema":"1a1c01bbd47fc00a2c39e90264f33305004495a9","hash":"d4274f94856f5aa578655c87e591b9d7aad3444f"}
,"D:\\Users\\sedla\\Desktop\\5.ZS\\ESS\\clustergrammer2\\clustergrammer\\src\\utils\\averageNMinus1.js": {"path":"D:\\Users\\sedla\\Desktop\\5.ZS\\ESS\\clustergrammer2\\clustergrammer\\src\\utils\\averageNMinus1.js","statementMap":{"0":{"start":{"line":2,"column":14},"end":{"line":4,"column":7}},"1":{"start":{"line":3,"column":4},"end":{"line":3,"column":23}},"2":{"start":{"line":5,"column":14},"end":{"line":5,"column":37}},"3":{"start":{"line":6,"column":2},"end":{"line":6,"column":13}},"4":{"start":{"line":9,"column":0},"end":{"line":9,"column":35}}},"fnMap":{"0":{"name":"average_n_minus_1","decl":{"start":{"line":1,"column":9},"end":{"line":1,"column":26}},"loc":{"start":{"line":1,"column":33},"end":{"line":7,"column":1}},"line":1},"1":{"name":"(anonymous_1)","decl":{"start":{"line":2,"column":26},"end":{"line":2,"column":27}},"loc":{"start":{"line":2,"column":48},"end":{"line":4,"column":3}},"line":2}},"branchMap":{},"s":{"0":1,"1":4,"2":1,"3":1,"4":1},"f":{"0":1,"1":4},"b":{},"_coverageSchema":"1a1c01bbd47fc00a2c39e90264f33305004495a9","hash":"97564c8e7b2bdda6d86071fd05259640ecc6144e"}
,"D:\\Users\\sedla\\Desktop\\5.ZS\\ESS\\clustergrammer2\\clustergrammer\\src\\utils\\customRound.js": {"path":"D:\\Users\\sedla\\Desktop\\5.ZS\\ESS\\clustergrammer2\\clustergrammer\\src\\utils\\customRound.js","statementMap":{"0":{"start":{"line":3,"column":2},"end":{"line":3,"column":80}},"1":{"start":{"line":6,"column":0},"end":{"line":6,"column":30}}},"fnMap":{"0":{"name":"custom_round","decl":{"start":{"line":1,"column":9},"end":{"line":1,"column":21}},"loc":{"start":{"line":1,"column":28},"end":{"line":4,"column":1}},"line":1}},"branchMap":{"0":{"loc":{"start":{"line":3,"column":9},"end":{"line":3,"column":79}},"type":"cond-expr","locations":[{"start":{"line":3,"column":22},"end":{"line":3,"column":35}},{"start":{"line":3,"column":38},"end":{"line":3,"column":79}}],"line":3}},"s":{"0":1,"1":1},"f":{"0":1},"b":{"0":[0,1]},"_coverageSchema":"1a1c01bbd47fc00a2c39e90264f33305004495a9","hash":"51197c3e1f586496f6621b5e6bceaee46cae6c65"}
}
