TN:
SF:src\utils\average.js
FN:1,average
FN:2,(anonymous_1)
FNF:2
FNH:2
FNDA:1,average
FNDA:4,(anonymous_1)
DA:2,1
DA:3,4
DA:5,1
DA:6,1
DA:9,1
LF:5
LH:5
BRF:0
BRH:0
end_of_record
TN:
SF:src\utils\averageNMinus1.js
FN:1,average_n_minus_1
FN:2,(anonymous_1)
FNF:2
FNH:2
FNDA:1,average_n_minus_1
FNDA:4,(anonymous_1)
DA:2,1
DA:3,4
DA:5,1
DA:6,1
DA:9,1
LF:5
LH:5
BRF:0
BRH:0
end_of_record
TN:
SF:src\utils\customRound.js
FN:1,custom_round
FNF:1
FNH:1
FNDA:1,custom_round
DA:3,1
DA:6,1
LF:2
LH:2
BRDA:3,0,0,0
BRDA:3,0,1,1
BRF:2
BRH:1
end_of_record
